<?xml version="1.0" encoding="UTF-8"?>
<!-- Generated by org.testng.reporters.JUnitReportReporter -->
<testsuite skipped="0" hostname="Harshal" name="request.types.TestGetAndPost" tests="1" failures="0" timestamp="2022-02-06T13:35:23 IST" time="3.091" errors="0">
  <testcase name="testGetRequest" time="3.091" classname="request.types.TestGetAndPost"/>
  <system-out/>
</testsuite> <!-- request.types.TestGetAndPost -->
