<?xml version="1.0" encoding="UTF-8"?>
<!-- Generated by org.testng.reporters.JUnitReportReporter -->
<testsuite skipped="0" hostname="Harshal" name="request.types.TestRequest" tests="1" failures="0" timestamp="2022-01-30T01:20:52 IST" time="5.684" errors="0">
  <testcase name="getRequestDifferentType" time="5.684" classname="request.types.TestRequest"/>
  <system-out/>
</testsuite> <!-- request.types.TestRequest -->
