<?xml version="1.0" encoding="UTF-8"?>
<!-- Generated by org.testng.reporters.JUnitReportReporter -->
<testsuite skipped="0" hostname="Harshal" name="com.plp.tests.RegistrationDataDrivenTest" tests="1" failures="0" timestamp="2021-11-20T17:38:40 IST" time="33.957" errors="0">
  <testcase name="registrationWithExcel" time="33.957" classname="com.plp.tests.RegistrationDataDrivenTest"/>
  <system-out/>
</testsuite> <!-- com.plp.tests.RegistrationDataDrivenTest -->
