<?xml version="1.0" encoding="UTF-8"?>
<!-- Generated by org.testng.reporters.JUnitReportReporter -->
<testsuite skipped="0" hostname="Harshal" name="com.plp.tests.CognizantTest" tests="2" failures="0" timestamp="2021-11-20T01:04:58 IST" time="19.067" errors="0">
  <testcase name="menuAndSubMenuTest" time="9.656" classname="com.plp.tests.CognizantTest"/>
  <system-out/>
  <testcase name="selectCountryDropdownTest" time="9.411" classname="com.plp.tests.CognizantTest"/>
  <system-out/>
</testsuite> <!-- com.plp.tests.CognizantTest -->
