<?xml version="1.0" encoding="UTF-8"?>
<!-- Generated by org.testng.reporters.JUnitReportReporter -->
<testsuite skipped="0" hostname="Harshal" name="mca.exam.ButtonExamples" tests="1" failures="0" timestamp="2021-12-22T12:20:19 IST" time="2.503" errors="0">
  <testcase name="exampleTest" time="2.503" classname="mca.exam.ButtonExamples"/>
  <system-out/>
</testsuite> <!-- mca.exam.ButtonExamples -->
