<?xml version="1.0" encoding="UTF-8"?>
<!-- Generated by org.testng.reporters.JUnitReportReporter -->
<testsuite skipped="0" hostname="Harshal" name="com.plp.tests.HoverMouseAction" tests="1" failures="0" timestamp="2021-10-17T16:48:57 IST" time="45.507" errors="0">
  <testcase name="verifyMouseHoverAction" time="45.507" classname="com.plp.tests.HoverMouseAction"/>
  <system-out/>
</testsuite> <!-- com.plp.tests.HoverMouseAction -->
